<?xml version="1.0" encoding="UTF-8"?>
<!-- Generated by org.testng.reporters.JUnitReportReporter -->
<testsuite hostname="QT-INBG-LT1883" failures="0" tests="1" name="testpackage.LoginTest" time="4.274" errors="0" timestamp="2024-02-05T14:07:03 IST" skipped="0">
  <testcase classname="testpackage.LoginTest" name="login" time="4.274"/>
</testsuite> <!-- testpackage.LoginTest -->
